# JRE version: Java(TM) SE Runtime Environment (8.0_231-b11) (build 1.8.0_231-b11)
# Java VM: Java HotSpot(TM) 64-Bit Server VM (25.231-b11 mixed mode windows-amd64 compressed oops)
Heap:
 PSYoungGen      total 65024K, used 40995K [0x00000000ed980000, 0x00000000f5b80000, 0x0000000100000000)
  eden space 59392K, 69% used [0x00000000ed980000,0x00000000f0188cb0,0x00000000f1380000)
  from space 5632K, 0% used [0x00000000f1380000,0x00000000f1380000,0x00000000f1900000)
  to   space 7168K, 0% used [0x00000000f5480000,0x00000000f5480000,0x00000000f5b80000)
 ParOldGen       total 31744K, used 8146K [0x00000000c8c00000, 0x00000000cab00000, 0x00000000ed980000)
  object space 31744K, 25% used [0x00000000c8c00000,0x00000000c93f4938,0x00000000cab00000)
 Metaspace       used 25132K, capacity 25764K, committed 26112K, reserved 1073152K
  class space    used 3154K, capacity 3290K, committed 3328K, reserved 1048576K
GC Heap History (10 events):
Event: 2.338 GC heap before
{Heap before GC invocations=4 (full 0):
 PSYoungGen      total 16896K, used 16864K [0x00000000ed980000, 0x00000000efa80000, 0x0000000100000000)
  eden space 14848K, 100% used [0x00000000ed980000,0x00000000ee800000,0x00000000ee800000)
  from space 2048K, 98% used [0x00000000ee800000,0x00000000ee9f8020,0x00000000eea00000)
  to   space 2048K, 0% used [0x00000000ef880000,0x00000000ef880000,0x00000000efa80000)
 ParOldGen       total 38400K, used 3297K [0x00000000c8c00000, 0x00000000cb180000, 0x00000000ed980000)
  object space 38400K, 8% used [0x00000000c8c00000,0x00000000c8f38778,0x00000000cb180000)
 Metaspace       used 12727K, capacity 12974K, committed 13056K, reserved 1060864K
  class space    used 1474K, capacity 1528K, committed 1536K, reserved 1048576K
Event: 2.344 GC heap after
Heap after GC invocations=4 (full 0):
 PSYoungGen      total 31744K, used 2032K [0x00000000ed980000, 0x00000000efa80000, 0x0000000100000000)
  eden space 29696K, 0% used [0x00000000ed980000,0x00000000ed980000,0x00000000ef680000)
  from space 2048K, 99% used [0x00000000ef880000,0x00000000efa7c010,0x00000000efa80000)
  to   space 2048K, 0% used [0x00000000ef680000,0x00000000ef680000,0x00000000ef880000)
 ParOldGen       total 38400K, used 5181K [0x00000000c8c00000, 0x00000000cb180000, 0x00000000ed980000)
  object space 38400K, 13% used [0x00000000c8c00000,0x00000000c910f710,0x00000000cb180000)
 Metaspace       used 12727K, capacity 12974K, committed 13056K, reserved 1060864K
  class space    used 1474K, capacity 1528K, committed 1536K, reserved 1048576K
}
Event: 2.941 GC heap before
{Heap before GC invocations=5 (full 0):
 PSYoungGen      total 31744K, used 31723K [0x00000000ed980000, 0x00000000efa80000, 0x0000000100000000)
  eden space 29696K, 99% used [0x00000000ed980000,0x00000000ef67ed28,0x00000000ef680000)
  from space 2048K, 99% used [0x00000000ef880000,0x00000000efa7c010,0x00000000efa80000)
  to   space 2048K, 0% used [0x00000000ef680000,0x00000000ef680000,0x00000000ef880000)
 ParOldGen       total 38400K, used 5181K [0x00000000c8c00000, 0x00000000cb180000, 0x00000000ed980000)
  object space 38400K, 13% used [0x00000000c8c00000,0x00000000c910f710,0x00000000cb180000)
 Metaspace       used 15349K, capacity 15726K, committed 15744K, reserved 1062912K
  class space    used 1815K, capacity 1908K, committed 1920K, reserved 1048576K
Event: 2.948 GC heap after
Heap after GC invocations=5 (full 0):
 PSYoungGen      total 31744K, used 2041K [0x00000000ed980000, 0x00000000f1e80000, 0x0000000100000000)
  eden space 29696K, 0% used [0x00000000ed980000,0x00000000ed980000,0x00000000ef680000)
  from space 2048K, 99% used [0x00000000ef680000,0x00000000ef87e490,0x00000000ef880000)
  to   space 5632K, 0% used [0x00000000f1900000,0x00000000f1900000,0x00000000f1e80000)
 ParOldGen       total 38400K, used 8004K [0x00000000c8c00000, 0x00000000cb180000, 0x00000000ed980000)
  object space 38400K, 20% used [0x00000000c8c00000,0x00000000c93d1388,0x00000000cb180000)
 Metaspace       used 15349K, capacity 15726K, committed 15744K, reserved 1062912K
  class space    used 1815K, capacity 1908K, committed 1920K, reserved 1048576K
}
Event: 3.032 GC heap before
{Heap before GC invocations=6 (full 0):
 PSYoungGen      total 31744K, used 31737K [0x00000000ed980000, 0x00000000f1e80000, 0x0000000100000000)
  eden space 29696K, 100% used [0x00000000ed980000,0x00000000ef680000,0x00000000ef680000)
  from space 2048K, 99% used [0x00000000ef680000,0x00000000ef87e490,0x00000000ef880000)
  to   space 5632K, 0% used [0x00000000f1900000,0x00000000f1900000,0x00000000f1e80000)
 ParOldGen       total 38400K, used 8004K [0x00000000c8c00000, 0x00000000cb180000, 0x00000000ed980000)
  object space 38400K, 20% used [0x00000000c8c00000,0x00000000c93d1388,0x00000000cb180000)
 Metaspace       used 15715K, capacity 16204K, committed 16384K, reserved 1062912K
  class space    used 1879K, capacity 2013K, committed 2048K, reserved 1048576K
Event: 3.035 GC heap after
Heap after GC invocations=6 (full 0):
 PSYoungGen      total 65024K, used 2355K [0x00000000ed980000, 0x00000000f1e80000, 0x0000000100000000)
  eden space 59392K, 0% used [0x00000000ed980000,0x00000000ed980000,0x00000000f1380000)
  from space 5632K, 41% used [0x00000000f1900000,0x00000000f1b4ce48,0x00000000f1e80000)
  to   space 5632K, 0% used [0x00000000f1380000,0x00000000f1380000,0x00000000f1900000)
 ParOldGen       total 38400K, used 8012K [0x00000000c8c00000, 0x00000000cb180000, 0x00000000ed980000)
  object space 38400K, 20% used [0x00000000c8c00000,0x00000000c93d3388,0x00000000cb180000)
 Metaspace       used 15715K, capacity 16204K, committed 16384K, reserved 1062912K
  class space    used 1879K, capacity 2013K, committed 2048K, reserved 1048576K
}
Event: 5.991 GC heap before
{Heap before GC invocations=7 (full 0):
 PSYoungGen      total 65024K, used 39295K [0x00000000ed980000, 0x00000000f1e80000, 0x0000000100000000)
  eden space 59392K, 62% used [0x00000000ed980000,0x00000000efd93150,0x00000000f1380000)
  from space 5632K, 41% used [0x00000000f1900000,0x00000000f1b4ce48,0x00000000f1e80000)
  to   space 5632K, 0% used [0x00000000f1380000,0x00000000f1380000,0x00000000f1900000)
 ParOldGen       total 38400K, used 8012K [0x00000000c8c00000, 0x00000000cb180000, 0x00000000ed980000)
  object space 38400K, 20% used [0x00000000c8c00000,0x00000000c93d3388,0x00000000cb180000)
 Metaspace       used 20615K, capacity 21164K, committed 21296K, reserved 1069056K
  class space    used 2480K, capacity 2609K, committed 2688K, reserved 1048576K
Event: 6.004 GC heap after
Heap after GC invocations=7 (full 0):
 PSYoungGen      total 65024K, used 5628K [0x00000000ed980000, 0x00000000f5b80000, 0x0000000100000000)
  eden space 59392K, 0% used [0x00000000ed980000,0x00000000ed980000,0x00000000f1380000)
  from space 5632K, 99% used [0x00000000f1380000,0x00000000f18ff028,0x00000000f1900000)
  to   space 7168K, 0% used [0x00000000f5480000,0x00000000f5480000,0x00000000f5b80000)
 ParOldGen       total 38400K, used 9610K [0x00000000c8c00000, 0x00000000cb180000, 0x00000000ed980000)
  object space 38400K, 25% used [0x00000000c8c00000,0x00000000c95628e8,0x00000000cb180000)
 Metaspace       used 20615K, capacity 21164K, committed 21296K, reserved 1069056K
  class space    used 2480K, capacity 2609K, committed 2688K, reserved 1048576K
}
Event: 6.004 GC heap before
{Heap before GC invocations=8 (full 1):
 PSYoungGen      total 65024K, used 5628K [0x00000000ed980000, 0x00000000f5b80000, 0x0000000100000000)
  eden space 59392K, 0% used [0x00000000ed980000,0x00000000ed980000,0x00000000f1380000)
  from space 5632K, 99% used [0x00000000f1380000,0x00000000f18ff028,0x00000000f1900000)
  to   space 7168K, 0% used [0x00000000f5480000,0x00000000f5480000,0x00000000f5b80000)
 ParOldGen       total 38400K, used 9610K [0x00000000c8c00000, 0x00000000cb180000, 0x00000000ed980000)
  object space 38400K, 25% used [0x00000000c8c00000,0x00000000c95628e8,0x00000000cb180000)
 Metaspace       used 20615K, capacity 21164K, committed 21296K, reserved 1069056K
  class space    used 2480K, capacity 2609K, committed 2688K, reserved 1048576K
Event: 6.046 GC heap after
Heap after GC invocations=8 (full 1):
 PSYoungGen      total 65024K, used 0K [0x00000000ed980000, 0x00000000f5b80000, 0x0000000100000000)
  eden space 59392K, 0% used [0x00000000ed980000,0x00000000ed980000,0x00000000f1380000)
  from space 5632K, 0% used [0x00000000f1380000,0x00000000f1380000,0x00000000f1900000)
  to   space 7168K, 0% used [0x00000000f5480000,0x00000000f5480000,0x00000000f5b80000)
 ParOldGen       total 31744K, used 8146K [0x00000000c8c00000, 0x00000000cab00000, 0x00000000ed980000)
  object space 31744K, 25% used [0x00000000c8c00000,0x00000000c93f4938,0x00000000cab00000)
 Metaspace       used 20615K, capacity 21164K, committed 21296K, reserved 1069056K
  class space    used 2480K, capacity 2609K, committed 2688K, reserved 1048576K
}

