# JRE version: Java(TM) SE Runtime Environment (8.0_231-b11) (build 1.8.0_231-b11)
# Java VM: Java HotSpot(TM) 64-Bit Server VM (25.231-b11 mixed mode windows-amd64 compressed oops)
Heap:
 PSYoungGen      total 124928K, used 116736K [0x00000000ed980000, 0x00000000f7280000, 0x0000000100000000)
  eden space 116736K, 100% used [0x00000000ed980000,0x00000000f4b80000,0x00000000f4b80000)
  from space 8192K, 0% used [0x00000000f4b80000,0x00000000f4b80000,0x00000000f5380000)
  to   space 9216K, 0% used [0x00000000f6980000,0x00000000f6980000,0x00000000f7280000)
 ParOldGen       total 44032K, used 12691K [0x00000000c8c00000, 0x00000000cb700000, 0x00000000ed980000)
  object space 44032K, 28% used [0x00000000c8c00000,0x00000000c9864fb8,0x00000000cb700000)
 Metaspace       used 45928K, capacity 47520K, committed 47656K, reserved 1091584K
  class space    used 6117K, capacity 6390K, committed 6440K, reserved 1048576K
GC Heap History (10 events):
Event: 4.218 GC heap before
{Heap before GC invocations=7 (full 0):
 PSYoungGen      total 65024K, used 39335K [0x00000000ed980000, 0x00000000f1e80000, 0x0000000100000000)
  eden space 59392K, 62% used [0x00000000ed980000,0x00000000efd9d130,0x00000000f1380000)
  from space 5632K, 41% used [0x00000000f1900000,0x00000000f1b4ce68,0x00000000f1e80000)
  to   space 5632K, 0% used [0x00000000f1380000,0x00000000f1380000,0x00000000f1900000)
 ParOldGen       total 38400K, used 8073K [0x00000000c8c00000, 0x00000000cb180000, 0x00000000ed980000)
  object space 38400K, 21% used [0x00000000c8c00000,0x00000000c93e2758,0x00000000cb180000)
 Metaspace       used 20601K, capacity 21164K, committed 21296K, reserved 1069056K
  class space    used 2480K, capacity 2609K, committed 2688K, reserved 1048576K
Event: 4.234 GC heap after
Heap after GC invocations=7 (full 0):
 PSYoungGen      total 65024K, used 5610K [0x00000000ed980000, 0x00000000f5b80000, 0x0000000100000000)
  eden space 59392K, 0% used [0x00000000ed980000,0x00000000ed980000,0x00000000f1380000)
  from space 5632K, 99% used [0x00000000f1380000,0x00000000f18faa58,0x00000000f1900000)
  to   space 7168K, 0% used [0x00000000f5480000,0x00000000f5480000,0x00000000f5b80000)
 ParOldGen       total 38400K, used 9648K [0x00000000c8c00000, 0x00000000cb180000, 0x00000000ed980000)
  object space 38400K, 25% used [0x00000000c8c00000,0x00000000c956c340,0x00000000cb180000)
 Metaspace       used 20601K, capacity 21164K, committed 21296K, reserved 1069056K
  class space    used 2480K, capacity 2609K, committed 2688K, reserved 1048576K
}
Event: 4.234 GC heap before
{Heap before GC invocations=8 (full 1):
 PSYoungGen      total 65024K, used 5610K [0x00000000ed980000, 0x00000000f5b80000, 0x0000000100000000)
  eden space 59392K, 0% used [0x00000000ed980000,0x00000000ed980000,0x00000000f1380000)
  from space 5632K, 99% used [0x00000000f1380000,0x00000000f18faa58,0x00000000f1900000)
  to   space 7168K, 0% used [0x00000000f5480000,0x00000000f5480000,0x00000000f5b80000)
 ParOldGen       total 38400K, used 9648K [0x00000000c8c00000, 0x00000000cb180000, 0x00000000ed980000)
  object space 38400K, 25% used [0x00000000c8c00000,0x00000000c956c340,0x00000000cb180000)
 Metaspace       used 20601K, capacity 21164K, committed 21296K, reserved 1069056K
  class space    used 2480K, capacity 2609K, committed 2688K, reserved 1048576K
Event: 4.275 GC heap after
Heap after GC invocations=8 (full 1):
 PSYoungGen      total 65024K, used 0K [0x00000000ed980000, 0x00000000f5b80000, 0x0000000100000000)
  eden space 59392K, 0% used [0x00000000ed980000,0x00000000ed980000,0x00000000f1380000)
  from space 5632K, 0% used [0x00000000f1380000,0x00000000f1380000,0x00000000f1900000)
  to   space 7168K, 0% used [0x00000000f5480000,0x00000000f5480000,0x00000000f5b80000)
 ParOldGen       total 31232K, used 8134K [0x00000000c8c00000, 0x00000000caa80000, 0x00000000ed980000)
  object space 31232K, 26% used [0x00000000c8c00000,0x00000000c93f1ac8,0x00000000caa80000)
 Metaspace       used 20601K, capacity 21164K, committed 21296K, reserved 1069056K
  class space    used 2480K, capacity 2609K, committed 2688K, reserved 1048576K
}
Event: 6.188 GC heap before
{Heap before GC invocations=9 (full 1):
 PSYoungGen      total 65024K, used 59392K [0x00000000ed980000, 0x00000000f5b80000, 0x0000000100000000)
  eden space 59392K, 100% used [0x00000000ed980000,0x00000000f1380000,0x00000000f1380000)
  from space 5632K, 0% used [0x00000000f1380000,0x00000000f1380000,0x00000000f1900000)
  to   space 7168K, 0% used [0x00000000f5480000,0x00000000f5480000,0x00000000f5b80000)
 ParOldGen       total 31232K, used 8134K [0x00000000c8c00000, 0x00000000caa80000, 0x00000000ed980000)
  object space 31232K, 26% used [0x00000000c8c00000,0x00000000c93f1ac8,0x00000000caa80000)
 Metaspace       used 27878K, capacity 28520K, committed 28928K, reserved 1075200K
  class space    used 3607K, capacity 3756K, committed 3840K, reserved 1048576K
Event: 6.201 GC heap after
Heap after GC invocations=9 (full 1):
 PSYoungGen      total 107008K, used 6786K [0x00000000ed980000, 0x00000000f5b80000, 0x0000000100000000)
  eden space 99840K, 0% used [0x00000000ed980000,0x00000000ed980000,0x00000000f3b00000)
  from space 7168K, 94% used [0x00000000f5480000,0x00000000f5b20a50,0x00000000f5b80000)
  to   space 8192K, 0% used [0x00000000f4b80000,0x00000000f4b80000,0x00000000f5380000)
 ParOldGen       total 31232K, used 8142K [0x00000000c8c00000, 0x00000000caa80000, 0x00000000ed980000)
  object space 31232K, 26% used [0x00000000c8c00000,0x00000000c93f3ac8,0x00000000caa80000)
 Metaspace       used 27878K, capacity 28520K, committed 28928K, reserved 1075200K
  class space    used 3607K, capacity 3756K, committed 3840K, reserved 1048576K
}
Event: 8.295 GC heap before
{Heap before GC invocations=10 (full 1):
 PSYoungGen      total 107008K, used 67475K [0x00000000ed980000, 0x00000000f5b80000, 0x0000000100000000)
  eden space 99840K, 60% used [0x00000000ed980000,0x00000000f14c42c8,0x00000000f3b00000)
  from space 7168K, 94% used [0x00000000f5480000,0x00000000f5b20a50,0x00000000f5b80000)
  to   space 8192K, 0% used [0x00000000f4b80000,0x00000000f4b80000,0x00000000f5380000)
 ParOldGen       total 31232K, used 8142K [0x00000000c8c00000, 0x00000000caa80000, 0x00000000ed980000)
  object space 31232K, 26% used [0x00000000c8c00000,0x00000000c93f3ac8,0x00000000caa80000)
 Metaspace       used 34573K, capacity 35262K, committed 35496K, reserved 1079296K
  class space    used 4618K, capacity 4769K, committed 4776K, reserved 1048576K
Event: 8.310 GC heap after
Heap after GC invocations=10 (full 1):
 PSYoungGen      total 124928K, used 8113K [0x00000000ed980000, 0x00000000f7280000, 0x0000000100000000)
  eden space 116736K, 0% used [0x00000000ed980000,0x00000000ed980000,0x00000000f4b80000)
  from space 8192K, 99% used [0x00000000f4b80000,0x00000000f536c428,0x00000000f5380000)
  to   space 9216K, 0% used [0x00000000f6980000,0x00000000f6980000,0x00000000f7280000)
 ParOldGen       total 31232K, used 8150K [0x00000000c8c00000, 0x00000000caa80000, 0x00000000ed980000)
  object space 31232K, 26% used [0x00000000c8c00000,0x00000000c93f5ac8,0x00000000caa80000)
 Metaspace       used 34573K, capacity 35262K, committed 35496K, reserved 1079296K
  class space    used 4618K, capacity 4769K, committed 4776K, reserved 1048576K
}
Event: 8.310 GC heap before
{Heap before GC invocations=11 (full 2):
 PSYoungGen      total 124928K, used 8113K [0x00000000ed980000, 0x00000000f7280000, 0x0000000100000000)
  eden space 116736K, 0% used [0x00000000ed980000,0x00000000ed980000,0x00000000f4b80000)
  from space 8192K, 99% used [0x00000000f4b80000,0x00000000f536c428,0x00000000f5380000)
  to   space 9216K, 0% used [0x00000000f6980000,0x00000000f6980000,0x00000000f7280000)
 ParOldGen       total 31232K, used 8150K [0x00000000c8c00000, 0x00000000caa80000, 0x00000000ed980000)
  object space 31232K, 26% used [0x00000000c8c00000,0x00000000c93f5ac8,0x00000000caa80000)
 Metaspace       used 34573K, capacity 35262K, committed 35496K, reserved 1079296K
  class space    used 4618K, capacity 4769K, committed 4776K, reserved 1048576K
Event: 8.369 GC heap after
Heap after GC invocations=11 (full 2):
 PSYoungGen      total 124928K, used 0K [0x00000000ed980000, 0x00000000f7280000, 0x0000000100000000)
  eden space 116736K, 0% used [0x00000000ed980000,0x00000000ed980000,0x00000000f4b80000)
  from space 8192K, 0% used [0x00000000f4b80000,0x00000000f4b80000,0x00000000f5380000)
  to   space 9216K, 0% used [0x00000000f6980000,0x00000000f6980000,0x00000000f7280000)
 ParOldGen       total 44032K, used 12691K [0x00000000c8c00000, 0x00000000cb700000, 0x00000000ed980000)
  object space 44032K, 28% used [0x00000000c8c00000,0x00000000c9864fb8,0x00000000cb700000)
 Metaspace       used 34573K, capacity 35262K, committed 35496K, reserved 1079296K
  class space    used 4618K, capacity 4769K, committed 4776K, reserved 1048576K
}

